[2023-07-09T22:29:13.077] [ERROR] error - 错误信息
        【URL】: POST /v1/sys/roles/delete
        【参数】: {"id":"64a7aa20a971facd04696242"}
        【错误】: ReferenceError: id is not defined
[2023-07-09T22:30:21.276] [ERROR] error - 错误信息
        【URL】: POST /v1/sys/roles/delete
        【参数】: {"id":"64a7aa20a971facd04696242"}
        【错误】: ReferenceError: id is not defined
[2023-07-10T10:07:38.159] [ERROR] error - 错误信息
        【URL】: POST /v1/sys/users_opt_logs/downloadTemplate
        【参数】: {}
        【错误】: ReferenceError: name is not defined
[2023-07-10T10:09:07.780] [ERROR] error - 错误信息
        【URL】: POST /v1/sys/users_opt_logs/downloadTemplate
        【参数】: {}
        【错误】: ReferenceError: name is not defined
[2023-07-10T10:09:40.503] [ERROR] error - 错误信息
        【URL】: POST /v1/sys/users_opt_logs/downloadTemplate
        【参数】: {}
        【错误】: ReferenceError: name is not defined
[2023-07-10T10:10:12.208] [ERROR] error - 错误信息
        【URL】: POST /v1/sys/users_opt_logs/downloadTemplate
        【参数】: {}
        【错误】: ReferenceError: name is not defined
[2023-07-10T10:10:25.255] [ERROR] error - 错误信息
        【URL】: POST /v1/sys/users_opt_logs/downloadTemplate
        【参数】: {}
        【错误】: ReferenceError: name is not defined
[2023-07-13T16:19:04.532] [ERROR] error - 错误信息
        【URL】: POST /v1/sys/users/list
        【参数】: {"params":{},"pagination":{"current":1,"pageSize":10,"total":0,"hideOnSinglePage":true},"sort":{"columnKey":"createdAt","order":"ascend"}}
        【错误】: UnauthorizedError: jwt expired
[2023-07-13T16:19:06.229] [ERROR] error - 错误信息
        【URL】: POST /v1/sys/roles/list
        【参数】: {"params":{},"pagination":{"current":1,"pageSize":10,"total":0,"hideOnSinglePage":true},"sort":{"columnKey":"createdAt","order":"ascend"}}
        【错误】: UnauthorizedError: jwt expired
[2023-07-13T16:19:07.944] [ERROR] error - 错误信息
        【URL】: POST /v1/sys/users/list
        【参数】: {"params":{},"pagination":{"current":1,"pageSize":10,"total":0,"hideOnSinglePage":true},"sort":{"columnKey":"createdAt","order":"ascend"}}
        【错误】: UnauthorizedError: jwt expired
[2023-07-13T16:19:29.517] [ERROR] error - 错误信息
        【URL】: POST /v1/sys/users/list
        【参数】: {"params":{},"pagination":{"current":1,"pageSize":10,"total":0,"hideOnSinglePage":true},"sort":{"columnKey":"createdAt","order":"ascend"}}
        【错误】: UnauthorizedError: jwt expired
[2023-07-13T16:20:07.832] [ERROR] error - 错误信息
        【URL】: POST /v1/sys/users/list
        【参数】: {"params":{},"pagination":{"current":1,"pageSize":10,"total":0,"hideOnSinglePage":true},"sort":{"columnKey":"createdAt","order":"ascend"}}
        【错误】: UnauthorizedError: jwt expired
[2023-07-13T16:21:01.092] [ERROR] error - 错误信息
        【URL】: POST /v1/sys/users/list
        【参数】: {"params":{},"pagination":{"current":1,"pageSize":10,"total":0,"hideOnSinglePage":true},"sort":{"columnKey":"createdAt","order":"ascend"}}
        【错误】: UnauthorizedError: jwt expired
[2023-07-13T16:21:30.762] [ERROR] error - 错误信息
        【URL】: POST /v1/sys/users/list
        【参数】: {"params":{},"pagination":{"current":1,"pageSize":10,"total":0,"hideOnSinglePage":true},"sort":{"columnKey":"createdAt","order":"ascend"}}
        【错误】: UnauthorizedError: jwt expired
[2023-07-13T16:21:35.953] [ERROR] error - 错误信息
        【URL】: POST /v1/sys/users/list
        【参数】: {"params":{},"pagination":{"current":1,"pageSize":10,"total":0,"hideOnSinglePage":true},"sort":{"columnKey":"createdAt","order":"ascend"}}
        【错误】: UnauthorizedError: jwt expired
[2023-07-13T16:21:43.580] [ERROR] error - 错误信息
        【URL】: POST /v1/sys/users/list
        【参数】: {"params":{},"pagination":{"current":1,"pageSize":10,"total":0,"hideOnSinglePage":true},"sort":{"columnKey":"createdAt","order":"ascend"}}
        【错误】: UnauthorizedError: jwt expired
[2023-07-13T16:22:42.556] [ERROR] error - 错误信息
        【URL】: POST /v1/sys/users/list
        【参数】: {"params":{},"pagination":{"current":1,"pageSize":10,"total":0,"hideOnSinglePage":true},"sort":{"columnKey":"createdAt","order":"ascend"}}
        【错误】: UnauthorizedError: jwt expired
[2023-07-13T16:22:56.520] [ERROR] error - 错误信息
        【URL】: POST /v1/sys/users/list
        【参数】: {"params":{},"pagination":{"current":1,"pageSize":10,"total":0,"hideOnSinglePage":true},"sort":{"columnKey":"createdAt","order":"ascend"}}
        【错误】: UnauthorizedError: jwt expired
[2023-07-13T16:22:58.446] [ERROR] error - 错误信息
        【URL】: POST /v1/sys/users/list
        【参数】: {"params":{},"pagination":{"current":1,"pageSize":10,"total":0,"hideOnSinglePage":true},"sort":{"columnKey":"createdAt","order":"ascend"}}
        【错误】: UnauthorizedError: jwt expired
[2023-07-13T16:23:06.686] [ERROR] error - 错误信息
        【URL】: POST /v1/sys/users/list
        【参数】: {"params":{},"pagination":{"current":1,"pageSize":10,"total":0,"hideOnSinglePage":true},"sort":{"columnKey":"createdAt","order":"ascend"}}
        【错误】: UnauthorizedError: jwt expired
[2023-07-13T16:23:08.952] [ERROR] error - 错误信息
        【URL】: POST /v1/sys/users/list
        【参数】: {"params":{},"pagination":{"current":1,"pageSize":10,"total":0,"hideOnSinglePage":true},"sort":{"columnKey":"createdAt","order":"ascend"}}
        【错误】: UnauthorizedError: jwt expired
[2023-07-13T16:29:16.811] [ERROR] error - 错误信息
        【URL】: POST /v1/sys/users/list
        【参数】: {"params":{},"pagination":{"current":1,"pageSize":10,"total":0,"hideOnSinglePage":true},"sort":{"columnKey":"createdAt","order":"ascend"}}
        【错误】: UnauthorizedError: jwt expired
[2023-07-13T16:29:24.858] [ERROR] error - 错误信息
        【URL】: POST /v1/sys/users/list
        【参数】: {"params":{},"pagination":{"current":1,"pageSize":10,"total":0,"hideOnSinglePage":true},"sort":{"columnKey":"createdAt","order":"ascend"}}
        【错误】: UnauthorizedError: jwt expired
[2023-07-13T16:29:29.463] [ERROR] error - 错误信息
        【URL】: POST /v1/sys/users/list
        【参数】: {"params":{},"pagination":{"current":1,"pageSize":10,"total":0,"hideOnSinglePage":true},"sort":{"columnKey":"createdAt","order":"ascend"}}
        【错误】: UnauthorizedError: jwt expired
[2023-07-13T16:29:33.232] [ERROR] error - 错误信息
        【URL】: POST /v1/sys/users/list
        【参数】: {"params":{},"pagination":{"current":1,"pageSize":10,"total":0,"hideOnSinglePage":true},"sort":{"columnKey":"createdAt","order":"ascend"}}
        【错误】: UnauthorizedError: jwt expired
[2023-07-13T16:29:52.679] [ERROR] error - 错误信息
        【URL】: POST /v1/sys/users/list
        【参数】: {"params":{},"pagination":{"current":1,"pageSize":10,"total":0,"hideOnSinglePage":true},"sort":{"columnKey":"createdAt","order":"ascend"}}
        【错误】: UnauthorizedError: jwt expired
[2023-07-13T16:29:55.247] [ERROR] error - 错误信息
        【URL】: POST /v1/sys/users/list
        【参数】: {"params":{},"pagination":{"current":1,"pageSize":10,"total":0,"hideOnSinglePage":true},"sort":{"columnKey":"createdAt","order":"ascend"}}
        【错误】: UnauthorizedError: jwt expired
[2023-07-13T16:30:58.862] [ERROR] error - 错误信息
        【URL】: POST /v1/sys/users/list
        【参数】: {"params":{},"pagination":{"current":1,"pageSize":10,"total":0,"hideOnSinglePage":true},"sort":{"columnKey":"createdAt","order":"ascend"}}
        【错误】: UnauthorizedError: jwt expired
[2023-07-13T16:31:15.239] [ERROR] error - 错误信息
        【URL】: POST /v1/sys/users/list
        【参数】: {"params":{},"pagination":{"current":1,"pageSize":10,"total":0,"hideOnSinglePage":true},"sort":{"columnKey":"createdAt","order":"ascend"}}
        【错误】: UnauthorizedError: jwt expired
[2023-07-13T16:31:27.886] [ERROR] error - 错误信息
        【URL】: POST /v1/sys/users/list
        【参数】: {"params":{},"pagination":{"current":1,"pageSize":10,"total":0,"hideOnSinglePage":true},"sort":{"columnKey":"createdAt","order":"ascend"}}
        【错误】: UnauthorizedError: jwt expired
[2023-07-13T16:31:29.651] [ERROR] error - 错误信息
        【URL】: POST /v1/sys/users/list
        【参数】: {"params":{},"pagination":{"current":1,"pageSize":10,"total":0,"hideOnSinglePage":true},"sort":{"columnKey":"createdAt","order":"ascend"}}
        【错误】: UnauthorizedError: jwt expired
[2023-07-13T16:31:31.727] [ERROR] error - 错误信息
        【URL】: POST /v1/sys/users/list
        【参数】: {"params":{},"pagination":{"current":1,"pageSize":10,"total":0,"hideOnSinglePage":true},"sort":{"columnKey":"createdAt","order":"ascend"}}
        【错误】: UnauthorizedError: jwt expired
[2023-07-13T16:31:37.104] [ERROR] error - 错误信息
        【URL】: POST /v1/sys/users/list
        【参数】: {"params":{},"pagination":{"current":1,"pageSize":10,"total":0,"hideOnSinglePage":true},"sort":{"columnKey":"createdAt","order":"ascend"}}
        【错误】: UnauthorizedError: jwt expired
[2023-07-13T16:31:38.297] [ERROR] error - 错误信息
        【URL】: POST /v1/sys/users/list
        【参数】: {"params":{},"pagination":{"current":1,"pageSize":10,"total":0,"hideOnSinglePage":true},"sort":{"columnKey":"createdAt","order":"ascend"}}
        【错误】: UnauthorizedError: jwt expired
[2023-07-13T16:32:48.443] [ERROR] error - 错误信息
        【URL】: POST /v1/sys/users/list
        【参数】: {"params":{},"pagination":{"current":1,"pageSize":10,"total":0,"hideOnSinglePage":true},"sort":{"columnKey":"createdAt","order":"ascend"}}
        【错误】: UnauthorizedError: jwt expired
[2023-07-13T16:32:53.576] [ERROR] error - 错误信息
        【URL】: POST /v1/sys/users/list
        【参数】: {"params":{},"pagination":{"current":1,"pageSize":10,"total":0,"hideOnSinglePage":true},"sort":{"columnKey":"createdAt","order":"ascend"}}
        【错误】: UnauthorizedError: jwt expired
[2023-07-13T16:32:54.455] [ERROR] error - 错误信息
        【URL】: POST /v1/sys/users/list
        【参数】: {"params":{},"pagination":{"current":1,"pageSize":10,"total":0,"hideOnSinglePage":true},"sort":{"columnKey":"createdAt","order":"ascend"}}
        【错误】: UnauthorizedError: jwt expired
[2023-07-13T16:32:54.901] [ERROR] error - 错误信息
        【URL】: POST /v1/sys/users/list
        【参数】: {"params":{},"pagination":{"current":1,"pageSize":10,"total":0,"hideOnSinglePage":true},"sort":{"columnKey":"createdAt","order":"ascend"}}
        【错误】: UnauthorizedError: jwt expired
[2023-07-13T16:33:19.728] [ERROR] error - 错误信息
        【URL】: POST /v1/sys/users/list
        【参数】: {"params":{},"pagination":{"current":1,"pageSize":10,"total":0,"hideOnSinglePage":true},"sort":{"columnKey":"createdAt","order":"ascend"}}
        【错误】: UnauthorizedError: jwt expired
[2023-07-13T16:33:21.919] [ERROR] error - 错误信息
        【URL】: POST /v1/sys/users/list
        【参数】: {"params":{},"pagination":{"current":1,"pageSize":10,"total":0,"hideOnSinglePage":true},"sort":{"columnKey":"createdAt","order":"ascend"}}
        【错误】: UnauthorizedError: jwt expired
[2023-07-13T16:33:27.528] [ERROR] error - 错误信息
        【URL】: POST /v1/sys/users/list
        【参数】: {"params":{},"pagination":{"current":1,"pageSize":10,"total":0,"hideOnSinglePage":true},"sort":{"columnKey":"createdAt","order":"ascend"}}
        【错误】: UnauthorizedError: jwt expired
[2023-07-13T16:33:29.671] [ERROR] error - 错误信息
        【URL】: POST /v1/sys/users/list
        【参数】: {"params":{},"pagination":{"current":1,"pageSize":10,"total":0,"hideOnSinglePage":true},"sort":{"columnKey":"createdAt","order":"ascend"}}
        【错误】: UnauthorizedError: jwt expired
[2023-07-13T16:34:13.046] [ERROR] error - 错误信息
        【URL】: POST /v1/sys/users/list
        【参数】: {"params":{},"pagination":{"current":1,"pageSize":10,"total":0,"hideOnSinglePage":true},"sort":{"columnKey":"createdAt","order":"ascend"}}
        【错误】: UnauthorizedError: jwt expired
[2023-07-13T16:37:18.086] [ERROR] error - 错误信息
        【URL】: POST /v1/sys/users/list
        【参数】: {"params":{},"pagination":{"current":1,"pageSize":10,"total":0,"hideOnSinglePage":true},"sort":{"columnKey":"createdAt","order":"ascend"}}
        【错误】: UnauthorizedError: jwt expired
[2023-07-13T16:37:33.642] [ERROR] error - 错误信息
        【URL】: POST /v1/sys/roles/list
        【参数】: {"params":{},"pagination":{"current":1,"pageSize":10,"total":0,"hideOnSinglePage":true},"sort":{"columnKey":"createdAt","order":"ascend"}}
        【错误】: UnauthorizedError: jwt expired
[2023-07-13T16:37:36.872] [ERROR] error - 错误信息
        【URL】: POST /v1/sys/users/list
        【参数】: {"params":{},"pagination":{"current":1,"pageSize":10,"total":0,"hideOnSinglePage":true},"sort":{"columnKey":"createdAt","order":"ascend"}}
        【错误】: UnauthorizedError: jwt expired
[2023-07-13T16:37:48.039] [ERROR] error - 错误信息
        【URL】: POST /v1/sys/users/list
        【参数】: {"params":{},"pagination":{"current":1,"pageSize":10,"total":0,"hideOnSinglePage":true},"sort":{"columnKey":"createdAt","order":"ascend"}}
        【错误】: UnauthorizedError: jwt expired
[2023-07-13T16:37:56.298] [ERROR] error - 错误信息
        【URL】: POST /v1/sys/users/list
        【参数】: {"params":{},"pagination":{"current":1,"pageSize":10,"total":0,"hideOnSinglePage":true},"sort":{"columnKey":"createdAt","order":"ascend"}}
        【错误】: UnauthorizedError: jwt expired
[2023-07-13T16:38:03.415] [ERROR] error - 错误信息
        【URL】: POST /v1/sys/users/list
        【参数】: {"params":{},"pagination":{"current":1,"pageSize":10,"total":0,"hideOnSinglePage":true},"sort":{"columnKey":"createdAt","order":"ascend"}}
        【错误】: UnauthorizedError: jwt expired
[2023-07-13T16:53:08.108] [ERROR] error - 错误信息
        【URL】: POST /v1/sys/users_opt_logs/list
        【参数】: {}
        【错误】: UnauthorizedError: No authorization token was found
[2023-07-13T16:53:16.440] [ERROR] error - 错误信息
        【URL】: POST /v1/sys/users_opt_logs/list
        【参数】: {}
        【错误】: UnauthorizedError: No authorization token was found
[2023-07-13T16:53:46.418] [ERROR] error - 错误信息
        【URL】: POST /v1/sys/users_opt_logs/list
        【参数】: {}
        【错误】: UnauthorizedError: No authorization token was found
[2023-07-13T16:53:51.735] [ERROR] error - 错误信息
        【URL】: POST /v1/sys/users_opt_logs/list
        【参数】: {}
        【错误】: UnauthorizedError: No authorization token was found
[2023-07-17T09:22:23.361] [ERROR] error - 错误信息
        【URL】: POST /v1/sys/users/list
        【参数】: {"params":{},"pagination":{"current":1,"pageSize":10,"total":0,"hideOnSinglePage":true},"sort":{"columnKey":"createdAt","order":"ascend"}}
        【错误】: UnauthorizedError: jwt expired
[2023-07-17T13:34:57.338] [ERROR] error - 错误信息
        【URL】: POST /v1/blog/blog_articles/list
        【参数】: {"params":{},"pagination":{"current":1,"pageSize":10,"total":0,"hideOnSinglePage":true},"sort":{"columnKey":"createdAt","order":"descend"}}
        【错误】: TypeError: Cannot read property 'aggregate' of undefined
[2023-07-17T13:36:17.297] [ERROR] error - 错误信息
        【URL】: POST /v1/blog/blog_articles/list
        【参数】: {"params":{},"pagination":{"current":1,"pageSize":10,"total":0,"hideOnSinglePage":true},"sort":{"columnKey":"createdAt","order":"descend"}}
        【错误】: ReferenceError: Blog_articlesModel is not defined
[2023-07-17T13:36:24.604] [ERROR] error - 错误信息
        【URL】: POST /v1/blog/blog_articles/list
        【参数】: {"params":{},"pagination":{"current":1,"pageSize":10,"total":0,"hideOnSinglePage":true},"sort":{"columnKey":"createdAt","order":"descend"}}
        【错误】: ReferenceError: Blog_articlesModel is not defined
[2023-07-18T20:25:03.490] [ERROR] error - 错误信息
        【URL】: POST /v1/blog/blog_articles/list
        【参数】: {"params":{},"pagination":{"current":1,"pageSize":10,"total":0,"hideOnSinglePage":true},"sort":{"columnKey":"createdAt","order":"descend"}}
        【错误】: UnauthorizedError: jwt expired
[2023-07-20T09:48:17.435] [ERROR] error - 错误信息
        【URL】: POST /v1/blog/blog_articles/list
        【参数】: {"params":{},"pagination":{"current":1,"pageSize":10,"total":0,"hideOnSinglePage":true},"sort":{"columnKey":"createdAt","order":"descend"}}
        【错误】: UnauthorizedError: jwt expired
[2023-08-05T16:32:48.268] [ERROR] error - 错误信息
        【URL】: POST /v1/blog/blog_articles/list
        【参数】: {"params":{},"pagination":{"current":1,"pageSize":10,"total":0,"hideOnSinglePage":true},"sort":{"columnKey":"createdAt","order":"descend"}}
        【错误】: UnauthorizedError: jwt expired
[2023-08-05T21:26:26.542] [ERROR] error - 错误信息
        【URL】: POST /v1/blog/blog_articles/client/relate
        【参数】: {}
        【错误】: ReferenceError: query is not defined
[2023-08-05T21:56:00.361] [ERROR] error - 错误信息
        【URL】: POST /v1/blog/blog_articles/client/relate
        【参数】: {"category":"JavaScript"}
        【错误】: TypeError: Cannot read property 'category' of null
[2023-08-05T21:57:55.592] [ERROR] error - 错误信息
        【URL】: POST /v1/blog/blog_articles/client/relate
        【参数】: {"category":"64ce521cea542e7d002d924b"}
        【错误】: TypeError: Cannot read property 'category' of null
[2023-08-06T12:25:12.838] [ERROR] error - 错误信息
        【URL】: POST /v1/blog/blog_articles/client/list
        【参数】: {}
        【错误】: MongooseError: Operation `blog_articles.aggregate()` buffering timed out after 10000ms
[2023-08-06T13:08:19.830] [ERROR] error - 错误信息
        【URL】: POST /v1/blog/blog_articles/client/relate
        【参数】: {}
        【错误】: TypeError: Cannot read property 'category' of null
[2023-08-06T13:08:37.468] [ERROR] error - 错误信息
        【URL】: POST /v1/blog/blog_articles/client/relate
        【参数】: {}
        【错误】: TypeError: Cannot read property 'category' of null
[2023-08-06T13:09:40.392] [ERROR] error - 错误信息
        【URL】: POST /v1/blog/blog_articles/client/relate
        【参数】: {}
        【错误】: TypeError: Cannot read property 'category' of null
[2023-08-06T15:43:58.042] [ERROR] error - 错误信息
        【URL】: POST /v1/blog/blog_articles/client/like
        【参数】: {"_id":"64ce521cea542e7d002d924b"}
        【错误】: ReferenceError: TempToken is not defined
[2023-08-06T22:11:02.846] [ERROR] error - 错误信息
        【URL】: POST /v1/blog/blog_articles/client/list
        【参数】: {"params":{"recommended":true,"status":true},"pagination":{"current":1,"pageSize":3}}
        【错误】: MongooseError: Operation `blog_articles.aggregate()` buffering timed out after 10000ms
[2023-08-07T09:19:03.473] [ERROR] error - 错误信息
        【URL】: POST /v1/blog/blog_articles/list
        【参数】: {"params":{},"pagination":{"current":1,"pageSize":10,"total":0,"hideOnSinglePage":true},"sort":{"columnKey":"createdAt","order":"descend"}}
        【错误】: UnauthorizedError: jwt expired
[2023-08-08T00:16:56.540] [ERROR] error - 错误信息
        【URL】: POST /v1/blog/messages/client/like
        【参数】: {"_id":"64d10f83c2028cae81a0a833"}
        【错误】: DocumentNotFoundError: No document found for query "{ _id: new ObjectId("64d10f83c2028cae81a0a833") }" on model "messages"
[2023-08-08T00:17:57.575] [ERROR] error - 错误信息
        【URL】: POST /v1/blog/messages/client/like
        【参数】: {"_id":"64d119065da2f9578d613cb3"}
        【错误】: DocumentNotFoundError: No document found for query "{ _id: new ObjectId("64d119065da2f9578d613cb3") }" on model "messages"
[2023-08-08T12:56:56.081] [ERROR] error - 错误信息
        【URL】: POST /v1/blog/messages/client/list
        【参数】: {"pagination":{"current":1,"pageSize":10,"total":0,"hideOnSinglePage":true}}
        【错误】: MongoServerError: Invalid $project :: caused by :: projection specification must have at least one field
[2023-08-08T17:36:28.576] [ERROR] error - 错误信息
        【URL】: POST /v1/blog/messages/client/list
        【参数】: {"pagination":{"current":1,"pageSize":5}}
        【错误】: MongoServerError: $lookup with 'pipeline' may not specify 'localField' or 'foreignField'
[2023-08-08T17:37:43.848] [ERROR] error - 错误信息
        【URL】: POST /v1/blog/messages/client/list
        【参数】: {"pagination":{"current":1,"pageSize":5}}
        【错误】: MongoServerError: $lookup with 'pipeline' may not specify 'localField' or 'foreignField'
[2023-08-08T17:39:22.215] [ERROR] error - 错误信息
        【URL】: POST /v1/blog/messages/client/list
        【参数】: {"pagination":{"current":1,"pageSize":5}}
        【错误】: MongoServerError: $lookup with 'pipeline' may not specify 'localField' or 'foreignField'
[2023-08-08T19:39:58.893] [ERROR] error - 错误信息
        【URL】: POST /v1/blog/blog_articles/list
        【参数】: {"params":{},"pagination":{"current":1,"pageSize":10,"total":0,"hideOnSinglePage":true},"sort":{"columnKey":"createdAt","order":"descend"}}
        【错误】: UnauthorizedError: jwt expired
[2023-08-08T20:01:46.541] [ERROR] error - 错误信息
        【URL】: POST /v1/blog/messages/client/list
        【参数】: {"pagination":{"current":1,"pageSize":5}}
        【错误】: MongoServerError: $lookup with 'pipeline' may not specify 'localField' or 'foreignField'
[2023-08-08T20:39:57.422] [ERROR] error - *** visitor 登录失败 ** 错误信息 : {}
[2023-08-08T20:55:32.519] [ERROR] error - 错误信息
        【URL】: POST /v1/sys/users/list
        【参数】: {"current":1,"pageSize":20,"params":{}}
        【错误】: UnauthorizedError: jwt expired
[2023-08-08T20:57:58.032] [ERROR] error - 该用户还未分配角色
[2023-08-08T20:59:42.592] [ERROR] error - 该用户还未分配角色
[2023-08-08T21:25:44.521] [ERROR] error - 错误信息
        【URL】: POST /v1/blog/messages/list
        【参数】: {"params":{},"pagination":{"current":1,"pageSize":20,"total":0,"hideOnSinglePage":true},"sort":{"columnKey":"createdAt","order":"descend"}}
        【错误】: MongoServerError: $lookup with 'pipeline' may not specify 'localField' or 'foreignField'
[2023-08-08T21:25:46.118] [ERROR] error - 错误信息
        【URL】: POST /v1/blog/messages/list
        【参数】: {"params":{},"pagination":{"current":1,"pageSize":20,"total":0,"hideOnSinglePage":true},"sort":{"columnKey":"createdAt","order":"descend"}}
        【错误】: MongoServerError: $lookup with 'pipeline' may not specify 'localField' or 'foreignField'
[2023-08-08T21:30:10.217] [ERROR] error - 错误信息
        【URL】: POST /v1/blog/messages/list
        【参数】: {"params":{},"pagination":{"current":1,"pageSize":20,"total":0,"hideOnSinglePage":true},"sort":{"columnKey":"createdAt","order":"descend"}}
        【错误】: MongoServerError: $lookup with 'pipeline' may not specify 'localField' or 'foreignField'
[2023-08-08T21:30:11.212] [ERROR] error - 错误信息
        【URL】: POST /v1/blog/messages/list
        【参数】: {"params":{},"pagination":{"current":1,"pageSize":20,"total":0,"hideOnSinglePage":true},"sort":{"columnKey":"createdAt","order":"descend"}}
        【错误】: MongoServerError: $lookup with 'pipeline' may not specify 'localField' or 'foreignField'
[2023-08-08T21:35:31.867] [ERROR] error - 错误信息
        【URL】: POST /v1/blog/messages/list
        【参数】: {"params":{},"pagination":{"current":1,"pageSize":20,"total":0,"hideOnSinglePage":true},"sort":{"columnKey":"createdAt","order":"descend"}}
        【错误】: MongoServerError: $lookup with 'pipeline' may not specify 'localField' or 'foreignField'
[2023-08-08T21:36:10.506] [ERROR] error - 错误信息
        【URL】: POST /v1/blog/messages/list
        【参数】: {"params":{},"pagination":{"current":1,"pageSize":20,"total":0,"hideOnSinglePage":true},"sort":{"columnKey":"createdAt","order":"descend"}}
        【错误】: MongoServerError: $lookup with 'pipeline' may not specify 'localField' or 'foreignField'
[2023-08-08T22:08:53.664] [ERROR] error - 错误信息
        【URL】: POST /v1/blog/messages/list
        【参数】: {"params":{},"pagination":{"current":1,"pageSize":20,"total":0,"hideOnSinglePage":true},"sort":{"columnKey":"createdAt","order":"descend"}}
        【错误】: TypeError: MessagesModel.aggregate(...).toArray is not a function
[2023-08-08T22:09:15.886] [ERROR] error - 错误信息
        【URL】: POST /v1/blog/messages/list
        【参数】: {"params":{},"pagination":{"current":1,"pageSize":20,"total":0,"hideOnSinglePage":true},"sort":{"columnKey":"createdAt","order":"descend"}}
        【错误】: MongoServerError: $lookup with 'pipeline' may not specify 'localField' or 'foreignField'
[2023-08-08T22:48:30.140] [ERROR] error - 错误信息
        【URL】: POST /v1/blog/messages/list
        【参数】: {"params":{},"pagination":{"current":1,"pageSize":20,"total":8,"hideOnSinglePage":true},"sort":{"columnKey":"createdAt","order":"descend"}}
        【错误】: TypeError: MessagesModel.aggregate(...).toArray is not a function
[2023-08-09T13:02:12.863] [ERROR] error - 错误信息
        【URL】: POST /v1/blog/blog_articles/uploadMd
        【参数】: {}
        【错误】: UnauthorizedError: No authorization token was found
